2024-02-18 19:28:46,038 INFO    StreamThr :28072 [internal.py:wandb_internal():86] W&B internal server running at pid: 28072, started at: 2024-02-18 19:28:46.038229
2024-02-18 19:28:46,040 DEBUG   HandlerThread:28072 [handler.py:handle_request():146] handle_request: status
2024-02-18 19:28:46,048 INFO    WriterThread:28072 [datastore.py:open_for_write():87] open: c:\Users\KHADGA JYOTH ALLI\Desktop\programming\Class Work\IITJ\DL\A2_Transformer\wandb\run-20240218_192846-1dam58qr\run-1dam58qr.wandb
2024-02-18 19:28:46,049 DEBUG   SenderThread:28072 [sender.py:send():382] send: header
2024-02-18 19:28:46,166 DEBUG   SenderThread:28072 [sender.py:send():382] send: run
2024-02-18 19:28:51,190 DEBUG   HandlerThread:28072 [handler.py:handle_request():146] handle_request: keepalive
2024-02-18 19:28:56,218 DEBUG   HandlerThread:28072 [handler.py:handle_request():146] handle_request: keepalive
2024-02-18 19:29:01,246 DEBUG   HandlerThread:28072 [handler.py:handle_request():146] handle_request: keepalive
2024-02-18 19:29:06,267 DEBUG   HandlerThread:28072 [handler.py:handle_request():146] handle_request: keepalive
2024-02-18 19:29:11,295 DEBUG   HandlerThread:28072 [handler.py:handle_request():146] handle_request: keepalive
2024-02-18 19:29:16,310 DEBUG   HandlerThread:28072 [handler.py:handle_request():146] handle_request: keepalive
2024-02-18 19:29:21,341 DEBUG   HandlerThread:28072 [handler.py:handle_request():146] handle_request: keepalive
2024-02-18 19:29:22,498 INFO    SenderThread:28072 [retry.py:__call__():172] Retry attempt failed:
Traceback (most recent call last):
  File "c:\Users\KHADGA JYOTH ALLI\.conda\envs\gpu\lib\site-packages\urllib3\connection.py", line 174, in _new_conn
    conn = connection.create_connection(
  File "c:\Users\KHADGA JYOTH ALLI\.conda\envs\gpu\lib\site-packages\urllib3\util\connection.py", line 72, in create_connection
    for res in socket.getaddrinfo(host, port, family, socket.SOCK_STREAM):
  File "c:\Users\KHADGA JYOTH ALLI\.conda\envs\gpu\lib\socket.py", line 954, in getaddrinfo
    for res in _socket.getaddrinfo(host, port, family, type, proto, flags):
socket.gaierror: [Errno 11001] getaddrinfo failed

During handling of the above exception, another exception occurred:

Traceback (most recent call last):
  File "c:\Users\KHADGA JYOTH ALLI\.conda\envs\gpu\lib\site-packages\urllib3\connectionpool.py", line 715, in urlopen
    httplib_response = self._make_request(
  File "c:\Users\KHADGA JYOTH ALLI\.conda\envs\gpu\lib\site-packages\urllib3\connectionpool.py", line 404, in _make_request
    self._validate_conn(conn)
  File "c:\Users\KHADGA JYOTH ALLI\.conda\envs\gpu\lib\site-packages\urllib3\connectionpool.py", line 1058, in _validate_conn
    conn.connect()
  File "c:\Users\KHADGA JYOTH ALLI\.conda\envs\gpu\lib\site-packages\urllib3\connection.py", line 363, in connect
    self.sock = conn = self._new_conn()
  File "c:\Users\KHADGA JYOTH ALLI\.conda\envs\gpu\lib\site-packages\urllib3\connection.py", line 186, in _new_conn
    raise NewConnectionError(
urllib3.exceptions.NewConnectionError: <urllib3.connection.HTTPSConnection object at 0x000001B58F71FA00>: Failed to establish a new connection: [Errno 11001] getaddrinfo failed

During handling of the above exception, another exception occurred:

Traceback (most recent call last):
  File "c:\Users\KHADGA JYOTH ALLI\.conda\envs\gpu\lib\site-packages\requests\adapters.py", line 486, in send
    resp = conn.urlopen(
  File "c:\Users\KHADGA JYOTH ALLI\.conda\envs\gpu\lib\site-packages\urllib3\connectionpool.py", line 799, in urlopen
    retries = retries.increment(
  File "c:\Users\KHADGA JYOTH ALLI\.conda\envs\gpu\lib\site-packages\urllib3\util\retry.py", line 592, in increment
    raise MaxRetryError(_pool, url, error or ResponseError(cause))
urllib3.exceptions.MaxRetryError: HTTPSConnectionPool(host='api.wandb.ai', port=443): Max retries exceeded with url: /graphql (Caused by NewConnectionError('<urllib3.connection.HTTPSConnection object at 0x000001B58F71FA00>: Failed to establish a new connection: [Errno 11001] getaddrinfo failed'))

During handling of the above exception, another exception occurred:

Traceback (most recent call last):
  File "c:\Users\KHADGA JYOTH ALLI\.conda\envs\gpu\lib\site-packages\wandb\sdk\lib\retry.py", line 131, in __call__
    result = self._call_fn(*args, **kwargs)
  File "c:\Users\KHADGA JYOTH ALLI\.conda\envs\gpu\lib\site-packages\wandb\sdk\internal\internal_api.py", line 369, in execute
    return self.client.execute(*args, **kwargs)  # type: ignore
  File "c:\Users\KHADGA JYOTH ALLI\.conda\envs\gpu\lib\site-packages\wandb\vendor\gql-0.2.0\wandb_gql\client.py", line 52, in execute
    result = self._get_result(document, *args, **kwargs)
  File "c:\Users\KHADGA JYOTH ALLI\.conda\envs\gpu\lib\site-packages\wandb\vendor\gql-0.2.0\wandb_gql\client.py", line 60, in _get_result
    return self.transport.execute(document, *args, **kwargs)
  File "c:\Users\KHADGA JYOTH ALLI\.conda\envs\gpu\lib\site-packages\wandb\sdk\lib\gql_request.py", line 58, in execute
    request = self.session.post(self.url, **post_args)
  File "c:\Users\KHADGA JYOTH ALLI\.conda\envs\gpu\lib\site-packages\requests\sessions.py", line 637, in post
    return self.request("POST", url, data=data, json=json, **kwargs)
  File "c:\Users\KHADGA JYOTH ALLI\.conda\envs\gpu\lib\site-packages\requests\sessions.py", line 589, in request
    resp = self.send(prep, **send_kwargs)
  File "c:\Users\KHADGA JYOTH ALLI\.conda\envs\gpu\lib\site-packages\requests\sessions.py", line 703, in send
    r = adapter.send(request, **kwargs)
  File "c:\Users\KHADGA JYOTH ALLI\.conda\envs\gpu\lib\site-packages\requests\adapters.py", line 519, in send
    raise ConnectionError(e, request=request)
requests.exceptions.ConnectionError: HTTPSConnectionPool(host='api.wandb.ai', port=443): Max retries exceeded with url: /graphql (Caused by NewConnectionError('<urllib3.connection.HTTPSConnection object at 0x000001B58F71FA00>: Failed to establish a new connection: [Errno 11001] getaddrinfo failed'))
2024-02-18 19:29:26,373 DEBUG   HandlerThread:28072 [handler.py:handle_request():146] handle_request: keepalive
2024-02-18 19:29:28,153 INFO    SenderThread:28072 [dir_watcher.py:__init__():211] watching files in: c:\Users\KHADGA JYOTH ALLI\Desktop\programming\Class Work\IITJ\DL\A2_Transformer\wandb\run-20240218_192846-1dam58qr\files
2024-02-18 19:29:28,153 INFO    SenderThread:28072 [sender.py:_start_run_threads():1136] run started: 1dam58qr with start time 1708264726.036183
2024-02-18 19:29:28,153 DEBUG   HandlerThread:28072 [handler.py:handle_request():146] handle_request: status_report
2024-02-18 19:29:33,173 DEBUG   HandlerThread:28072 [handler.py:handle_request():146] handle_request: status_report
2024-02-18 19:29:38,192 DEBUG   HandlerThread:28072 [handler.py:handle_request():146] handle_request: status_report
2024-02-18 19:29:43,218 DEBUG   HandlerThread:28072 [handler.py:handle_request():146] handle_request: status_report
2024-02-18 19:29:48,245 DEBUG   HandlerThread:28072 [handler.py:handle_request():146] handle_request: status_report
2024-02-18 19:29:53,288 DEBUG   HandlerThread:28072 [handler.py:handle_request():146] handle_request: status_report
2024-02-18 19:29:58,315 DEBUG   HandlerThread:28072 [handler.py:handle_request():146] handle_request: status_report
2024-02-18 19:30:03,360 DEBUG   HandlerThread:28072 [handler.py:handle_request():146] handle_request: status_report
2024-02-18 19:30:08,377 DEBUG   HandlerThread:28072 [handler.py:handle_request():146] handle_request: status_report
2024-02-18 19:30:13,405 DEBUG   HandlerThread:28072 [handler.py:handle_request():146] handle_request: status_report
2024-02-18 19:30:18,427 DEBUG   HandlerThread:28072 [handler.py:handle_request():146] handle_request: status_report
2024-02-18 19:30:23,452 DEBUG   HandlerThread:28072 [handler.py:handle_request():146] handle_request: status_report
2024-02-18 19:30:28,493 DEBUG   HandlerThread:28072 [handler.py:handle_request():146] handle_request: status_report
2024-02-18 19:30:33,518 DEBUG   HandlerThread:28072 [handler.py:handle_request():146] handle_request: status_report
2024-02-18 19:30:38,558 DEBUG   HandlerThread:28072 [handler.py:handle_request():146] handle_request: status_report
2024-02-18 19:30:43,615 DEBUG   HandlerThread:28072 [handler.py:handle_request():146] handle_request: status_report
2024-02-18 19:30:48,659 DEBUG   HandlerThread:28072 [handler.py:handle_request():146] handle_request: status_report
2024-02-18 19:30:53,694 DEBUG   HandlerThread:28072 [handler.py:handle_request():146] handle_request: status_report
2024-02-18 19:30:58,717 DEBUG   HandlerThread:28072 [handler.py:handle_request():146] handle_request: status_report
2024-02-18 19:31:03,732 DEBUG   HandlerThread:28072 [handler.py:handle_request():146] handle_request: status_report
2024-02-18 19:31:08,759 DEBUG   HandlerThread:28072 [handler.py:handle_request():146] handle_request: status_report
2024-02-18 19:31:13,804 DEBUG   HandlerThread:28072 [handler.py:handle_request():146] handle_request: status_report
2024-02-18 19:31:18,847 DEBUG   HandlerThread:28072 [handler.py:handle_request():146] handle_request: status_report
2024-02-18 19:31:23,884 DEBUG   HandlerThread:28072 [handler.py:handle_request():146] handle_request: status_report
2024-02-18 19:31:26,193 WARNING FileStreamThread:28072 [file_stream.py:request_with_retry():668] requests_with_retry encountered retryable exception: ('Connection aborted.', ConnectionResetError(10054, 'An existing connection was forcibly closed by the remote host', None, 10054, None)). func: functools.partial(<bound method Session.post of <requests.sessions.Session object at 0x000001B58F682370>>, timeout=180.0), args: ('https://api.wandb.ai/files/khadgaa/DL_Assignment2/1dam58qr/file_stream',), kwargs: {'json': {'complete': False, 'failed': False, 'dropped': 0, 'uploaded': []}}
2024-02-18 19:31:28,660 WARNING FileStreamThread:28072 [file_stream.py:request_with_retry():668] requests_with_retry encountered retryable exception: HTTPSConnectionPool(host='api.wandb.ai', port=443): Max retries exceeded with url: /files/khadgaa/DL_Assignment2/1dam58qr/file_stream (Caused by NewConnectionError('<urllib3.connection.HTTPSConnection object at 0x000001B58F709910>: Failed to establish a new connection: [Errno 11001] getaddrinfo failed')). func: functools.partial(<bound method Session.post of <requests.sessions.Session object at 0x000001B58F682370>>, timeout=180.0), args: ('https://api.wandb.ai/files/khadgaa/DL_Assignment2/1dam58qr/file_stream',), kwargs: {'json': {'complete': False, 'failed': False, 'dropped': 0, 'uploaded': []}}
2024-02-18 19:31:28,919 DEBUG   HandlerThread:28072 [handler.py:handle_request():146] handle_request: status_report
2024-02-18 19:31:33,939 DEBUG   HandlerThread:28072 [handler.py:handle_request():146] handle_request: status_report
2024-02-18 19:31:38,967 DEBUG   HandlerThread:28072 [handler.py:handle_request():146] handle_request: status_report
2024-02-18 19:31:43,995 DEBUG   HandlerThread:28072 [handler.py:handle_request():146] handle_request: status_report
2024-02-18 19:31:49,036 DEBUG   HandlerThread:28072 [handler.py:handle_request():146] handle_request: status_report
2024-02-18 19:31:54,051 DEBUG   HandlerThread:28072 [handler.py:handle_request():146] handle_request: status_report
2024-02-18 19:31:59,058 DEBUG   HandlerThread:28072 [handler.py:handle_request():146] handle_request: status_report
2024-02-18 19:32:04,089 DEBUG   HandlerThread:28072 [handler.py:handle_request():146] handle_request: status_report
2024-02-18 19:32:09,107 DEBUG   HandlerThread:28072 [handler.py:handle_request():146] handle_request: status_report
2024-02-18 19:32:14,153 DEBUG   HandlerThread:28072 [handler.py:handle_request():146] handle_request: status_report
2024-02-18 19:32:19,195 DEBUG   HandlerThread:28072 [handler.py:handle_request():146] handle_request: status_report
2024-02-18 19:32:24,219 DEBUG   HandlerThread:28072 [handler.py:handle_request():146] handle_request: status_report
2024-02-18 19:32:29,237 DEBUG   HandlerThread:28072 [handler.py:handle_request():146] handle_request: status_report
2024-02-18 19:32:34,281 DEBUG   HandlerThread:28072 [handler.py:handle_request():146] handle_request: status_report
2024-02-18 19:32:39,319 DEBUG   HandlerThread:28072 [handler.py:handle_request():146] handle_request: status_report
2024-02-18 19:32:44,349 DEBUG   HandlerThread:28072 [handler.py:handle_request():146] handle_request: status_report
2024-02-18 19:32:49,374 DEBUG   HandlerThread:28072 [handler.py:handle_request():146] handle_request: status_report
2024-02-18 19:32:54,399 DEBUG   HandlerThread:28072 [handler.py:handle_request():146] handle_request: status_report
2024-02-18 19:32:59,445 DEBUG   HandlerThread:28072 [handler.py:handle_request():146] handle_request: status_report
2024-02-18 19:33:04,478 DEBUG   HandlerThread:28072 [handler.py:handle_request():146] handle_request: status_report
2024-02-18 19:33:09,513 DEBUG   HandlerThread:28072 [handler.py:handle_request():146] handle_request: status_report
2024-02-18 19:33:14,543 DEBUG   HandlerThread:28072 [handler.py:handle_request():146] handle_request: status_report
2024-02-18 19:33:19,572 DEBUG   HandlerThread:28072 [handler.py:handle_request():146] handle_request: status_report
2024-02-18 19:33:24,599 DEBUG   HandlerThread:28072 [handler.py:handle_request():146] handle_request: status_report
2024-02-18 19:33:29,614 DEBUG   HandlerThread:28072 [handler.py:handle_request():146] handle_request: status_report
2024-02-18 19:33:34,640 DEBUG   HandlerThread:28072 [handler.py:handle_request():146] handle_request: status_report
2024-02-18 19:33:39,662 DEBUG   HandlerThread:28072 [handler.py:handle_request():146] handle_request: status_report
2024-02-18 19:33:44,689 DEBUG   HandlerThread:28072 [handler.py:handle_request():146] handle_request: status_report
2024-02-18 19:33:49,713 DEBUG   HandlerThread:28072 [handler.py:handle_request():146] handle_request: status_report
2024-02-18 19:33:54,739 DEBUG   HandlerThread:28072 [handler.py:handle_request():146] handle_request: status_report
2024-02-18 19:33:59,768 DEBUG   HandlerThread:28072 [handler.py:handle_request():146] handle_request: status_report
2024-02-18 19:34:04,817 DEBUG   HandlerThread:28072 [handler.py:handle_request():146] handle_request: status_report
2024-02-18 19:34:09,857 DEBUG   HandlerThread:28072 [handler.py:handle_request():146] handle_request: status_report
2024-02-18 19:34:14,893 DEBUG   HandlerThread:28072 [handler.py:handle_request():146] handle_request: status_report
2024-02-18 19:34:19,934 DEBUG   HandlerThread:28072 [handler.py:handle_request():146] handle_request: status_report
2024-02-18 19:34:24,969 DEBUG   HandlerThread:28072 [handler.py:handle_request():146] handle_request: status_report
2024-02-18 19:34:30,000 DEBUG   HandlerThread:28072 [handler.py:handle_request():146] handle_request: status_report
2024-02-18 19:34:35,018 DEBUG   HandlerThread:28072 [handler.py:handle_request():146] handle_request: status_report
2024-02-18 19:34:40,035 DEBUG   HandlerThread:28072 [handler.py:handle_request():146] handle_request: status_report
2024-02-18 19:34:45,064 DEBUG   HandlerThread:28072 [handler.py:handle_request():146] handle_request: status_report
2024-02-18 19:34:50,091 DEBUG   HandlerThread:28072 [handler.py:handle_request():146] handle_request: status_report
2024-02-18 19:34:55,124 DEBUG   HandlerThread:28072 [handler.py:handle_request():146] handle_request: status_report
2024-02-18 19:35:00,149 DEBUG   HandlerThread:28072 [handler.py:handle_request():146] handle_request: status_report
2024-02-18 19:35:05,181 DEBUG   HandlerThread:28072 [handler.py:handle_request():146] handle_request: status_report
2024-02-18 19:35:10,226 DEBUG   HandlerThread:28072 [handler.py:handle_request():146] handle_request: status_report
2024-02-18 19:35:15,243 DEBUG   HandlerThread:28072 [handler.py:handle_request():146] handle_request: status_report
2024-02-18 19:35:20,273 DEBUG   HandlerThread:28072 [handler.py:handle_request():146] handle_request: status_report
2024-02-18 19:35:25,287 DEBUG   HandlerThread:28072 [handler.py:handle_request():146] handle_request: status_report
2024-02-18 19:35:30,326 DEBUG   HandlerThread:28072 [handler.py:handle_request():146] handle_request: status_report
2024-02-18 19:35:35,365 DEBUG   HandlerThread:28072 [handler.py:handle_request():146] handle_request: status_report
2024-02-18 19:35:40,387 DEBUG   HandlerThread:28072 [handler.py:handle_request():146] handle_request: status_report
2024-02-18 19:35:45,418 DEBUG   HandlerThread:28072 [handler.py:handle_request():146] handle_request: status_report
2024-02-18 19:35:50,466 DEBUG   HandlerThread:28072 [handler.py:handle_request():146] handle_request: status_report
2024-02-18 19:35:55,481 DEBUG   HandlerThread:28072 [handler.py:handle_request():146] handle_request: status_report
2024-02-18 19:36:00,511 DEBUG   HandlerThread:28072 [handler.py:handle_request():146] handle_request: status_report
2024-02-18 19:36:05,551 DEBUG   HandlerThread:28072 [handler.py:handle_request():146] handle_request: status_report
2024-02-18 19:36:10,599 DEBUG   HandlerThread:28072 [handler.py:handle_request():146] handle_request: status_report
2024-02-18 19:36:15,620 DEBUG   HandlerThread:28072 [handler.py:handle_request():146] handle_request: status_report
2024-02-18 19:36:20,646 DEBUG   HandlerThread:28072 [handler.py:handle_request():146] handle_request: status_report
2024-02-18 19:36:25,661 DEBUG   HandlerThread:28072 [handler.py:handle_request():146] handle_request: status_report
2024-02-18 19:36:30,687 DEBUG   HandlerThread:28072 [handler.py:handle_request():146] handle_request: status_report
2024-02-18 19:36:35,725 DEBUG   HandlerThread:28072 [handler.py:handle_request():146] handle_request: status_report
2024-02-18 19:36:40,777 DEBUG   HandlerThread:28072 [handler.py:handle_request():146] handle_request: status_report
2024-02-18 19:36:45,825 DEBUG   HandlerThread:28072 [handler.py:handle_request():146] handle_request: status_report
2024-02-18 19:36:50,850 DEBUG   HandlerThread:28072 [handler.py:handle_request():146] handle_request: status_report
2024-02-18 19:36:55,883 DEBUG   HandlerThread:28072 [handler.py:handle_request():146] handle_request: status_report
2024-02-18 19:37:00,897 DEBUG   HandlerThread:28072 [handler.py:handle_request():146] handle_request: status_report
2024-02-18 19:37:05,950 DEBUG   HandlerThread:28072 [handler.py:handle_request():146] handle_request: status_report
2024-02-18 19:37:11,001 DEBUG   HandlerThread:28072 [handler.py:handle_request():146] handle_request: status_report
2024-02-18 19:37:16,037 DEBUG   HandlerThread:28072 [handler.py:handle_request():146] handle_request: status_report
2024-02-18 19:37:21,060 DEBUG   HandlerThread:28072 [handler.py:handle_request():146] handle_request: status_report
2024-02-18 19:37:26,106 DEBUG   HandlerThread:28072 [handler.py:handle_request():146] handle_request: status_report
2024-02-18 19:37:31,139 DEBUG   HandlerThread:28072 [handler.py:handle_request():146] handle_request: status_report
2024-02-18 19:37:36,153 DEBUG   HandlerThread:28072 [handler.py:handle_request():146] handle_request: status_report
2024-02-18 19:37:41,200 DEBUG   HandlerThread:28072 [handler.py:handle_request():146] handle_request: status_report
2024-02-18 19:37:46,262 DEBUG   HandlerThread:28072 [handler.py:handle_request():146] handle_request: status_report
2024-02-18 19:37:51,285 DEBUG   HandlerThread:28072 [handler.py:handle_request():146] handle_request: status_report
2024-02-18 19:37:56,316 DEBUG   HandlerThread:28072 [handler.py:handle_request():146] handle_request: status_report
2024-02-18 19:38:01,357 DEBUG   HandlerThread:28072 [handler.py:handle_request():146] handle_request: status_report
2024-02-18 19:38:06,377 DEBUG   HandlerThread:28072 [handler.py:handle_request():146] handle_request: status_report
2024-02-18 19:38:11,408 DEBUG   HandlerThread:28072 [handler.py:handle_request():146] handle_request: status_report
2024-02-18 19:38:16,441 DEBUG   HandlerThread:28072 [handler.py:handle_request():146] handle_request: status_report
2024-02-18 19:38:21,466 DEBUG   HandlerThread:28072 [handler.py:handle_request():146] handle_request: status_report
2024-02-18 19:38:26,529 DEBUG   HandlerThread:28072 [handler.py:handle_request():146] handle_request: status_report
2024-02-18 19:38:31,565 DEBUG   HandlerThread:28072 [handler.py:handle_request():146] handle_request: status_report
2024-02-18 19:38:36,576 DEBUG   HandlerThread:28072 [handler.py:handle_request():146] handle_request: status_report
2024-02-18 19:38:41,602 DEBUG   HandlerThread:28072 [handler.py:handle_request():146] handle_request: status_report
2024-02-18 19:38:46,625 DEBUG   HandlerThread:28072 [handler.py:handle_request():146] handle_request: status_report
2024-02-18 19:38:51,649 DEBUG   HandlerThread:28072 [handler.py:handle_request():146] handle_request: status_report
2024-02-18 19:38:56,689 DEBUG   HandlerThread:28072 [handler.py:handle_request():146] handle_request: status_report
2024-02-18 19:39:01,727 DEBUG   HandlerThread:28072 [handler.py:handle_request():146] handle_request: status_report
2024-02-18 19:39:06,786 DEBUG   HandlerThread:28072 [handler.py:handle_request():146] handle_request: status_report
2024-02-18 19:39:11,818 DEBUG   HandlerThread:28072 [handler.py:handle_request():146] handle_request: status_report
2024-02-18 19:39:16,874 DEBUG   HandlerThread:28072 [handler.py:handle_request():146] handle_request: status_report
2024-02-18 19:39:21,898 DEBUG   HandlerThread:28072 [handler.py:handle_request():146] handle_request: status_report
2024-02-18 19:39:26,938 DEBUG   HandlerThread:28072 [handler.py:handle_request():146] handle_request: status_report
2024-02-18 19:39:31,976 DEBUG   HandlerThread:28072 [handler.py:handle_request():146] handle_request: status_report
2024-02-18 19:39:37,009 DEBUG   HandlerThread:28072 [handler.py:handle_request():146] handle_request: status_report
2024-02-18 19:39:42,042 DEBUG   HandlerThread:28072 [handler.py:handle_request():146] handle_request: status_report
2024-02-18 19:39:47,066 DEBUG   HandlerThread:28072 [handler.py:handle_request():146] handle_request: status_report
2024-02-18 19:39:52,106 DEBUG   HandlerThread:28072 [handler.py:handle_request():146] handle_request: status_report
2024-02-18 19:39:57,170 DEBUG   HandlerThread:28072 [handler.py:handle_request():146] handle_request: status_report
2024-02-18 19:40:02,193 DEBUG   HandlerThread:28072 [handler.py:handle_request():146] handle_request: status_report
2024-02-18 19:40:07,237 DEBUG   HandlerThread:28072 [handler.py:handle_request():146] handle_request: status_report
2024-02-18 19:40:12,278 DEBUG   HandlerThread:28072 [handler.py:handle_request():146] handle_request: status_report
2024-02-18 19:40:17,300 DEBUG   HandlerThread:28072 [handler.py:handle_request():146] handle_request: status_report
2024-02-18 19:40:22,316 DEBUG   HandlerThread:28072 [handler.py:handle_request():146] handle_request: status_report
2024-02-18 19:40:27,337 DEBUG   HandlerThread:28072 [handler.py:handle_request():146] handle_request: status_report
2024-02-18 19:40:32,384 DEBUG   HandlerThread:28072 [handler.py:handle_request():146] handle_request: status_report
2024-02-18 19:40:37,418 DEBUG   HandlerThread:28072 [handler.py:handle_request():146] handle_request: status_report
2024-02-18 19:40:42,471 DEBUG   HandlerThread:28072 [handler.py:handle_request():146] handle_request: status_report
2024-02-18 19:40:47,485 DEBUG   HandlerThread:28072 [handler.py:handle_request():146] handle_request: status_report
2024-02-18 19:40:52,514 DEBUG   HandlerThread:28072 [handler.py:handle_request():146] handle_request: status_report
2024-02-18 19:40:57,552 DEBUG   HandlerThread:28072 [handler.py:handle_request():146] handle_request: status_report
2024-02-18 19:41:02,577 DEBUG   HandlerThread:28072 [handler.py:handle_request():146] handle_request: status_report
2024-02-18 19:41:07,595 DEBUG   HandlerThread:28072 [handler.py:handle_request():146] handle_request: status_report
2024-02-18 19:41:12,618 DEBUG   HandlerThread:28072 [handler.py:handle_request():146] handle_request: status_report
2024-02-18 19:41:17,661 DEBUG   HandlerThread:28072 [handler.py:handle_request():146] handle_request: status_report
2024-02-18 19:41:22,695 DEBUG   HandlerThread:28072 [handler.py:handle_request():146] handle_request: status_report
2024-02-18 19:41:27,723 DEBUG   HandlerThread:28072 [handler.py:handle_request():146] handle_request: status_report
2024-02-18 19:41:32,770 DEBUG   HandlerThread:28072 [handler.py:handle_request():146] handle_request: status_report
2024-02-18 19:41:37,834 DEBUG   HandlerThread:28072 [handler.py:handle_request():146] handle_request: status_report
2024-02-18 19:41:42,869 DEBUG   HandlerThread:28072 [handler.py:handle_request():146] handle_request: status_report
2024-02-18 19:41:47,882 DEBUG   HandlerThread:28072 [handler.py:handle_request():146] handle_request: status_report
2024-02-18 19:41:52,903 DEBUG   HandlerThread:28072 [handler.py:handle_request():146] handle_request: status_report
2024-02-18 19:41:57,942 DEBUG   HandlerThread:28072 [handler.py:handle_request():146] handle_request: status_report
2024-02-18 19:42:02,979 DEBUG   HandlerThread:28072 [handler.py:handle_request():146] handle_request: status_report
2024-02-18 19:42:07,993 DEBUG   HandlerThread:28072 [handler.py:handle_request():146] handle_request: status_report
2024-02-18 19:42:13,019 DEBUG   HandlerThread:28072 [handler.py:handle_request():146] handle_request: status_report
2024-02-18 19:42:18,048 DEBUG   HandlerThread:28072 [handler.py:handle_request():146] handle_request: status_report
2024-02-18 19:42:23,102 DEBUG   HandlerThread:28072 [handler.py:handle_request():146] handle_request: status_report
2024-02-18 19:42:28,134 DEBUG   HandlerThread:28072 [handler.py:handle_request():146] handle_request: status_report
2024-02-18 19:42:33,165 DEBUG   HandlerThread:28072 [handler.py:handle_request():146] handle_request: status_report
2024-02-18 19:42:38,180 DEBUG   HandlerThread:28072 [handler.py:handle_request():146] handle_request: status_report
2024-02-18 19:42:43,218 DEBUG   HandlerThread:28072 [handler.py:handle_request():146] handle_request: status_report
2024-02-18 19:42:48,261 DEBUG   HandlerThread:28072 [handler.py:handle_request():146] handle_request: status_report
2024-02-18 19:42:53,303 DEBUG   HandlerThread:28072 [handler.py:handle_request():146] handle_request: status_report
2024-02-18 19:42:58,352 DEBUG   HandlerThread:28072 [handler.py:handle_request():146] handle_request: status_report
2024-02-18 19:43:03,391 DEBUG   HandlerThread:28072 [handler.py:handle_request():146] handle_request: status_report
2024-02-18 19:43:08,410 DEBUG   HandlerThread:28072 [handler.py:handle_request():146] handle_request: status_report
2024-02-18 19:43:13,462 DEBUG   HandlerThread:28072 [handler.py:handle_request():146] handle_request: status_report
2024-02-18 19:43:18,479 DEBUG   HandlerThread:28072 [handler.py:handle_request():146] handle_request: status_report
2024-02-18 19:43:23,526 DEBUG   HandlerThread:28072 [handler.py:handle_request():146] handle_request: status_report
2024-02-18 19:43:28,558 DEBUG   HandlerThread:28072 [handler.py:handle_request():146] handle_request: status_report
2024-02-18 19:43:33,604 DEBUG   HandlerThread:28072 [handler.py:handle_request():146] handle_request: status_report
2024-02-18 19:43:38,613 DEBUG   HandlerThread:28072 [handler.py:handle_request():146] handle_request: status_report
2024-02-18 19:43:43,637 DEBUG   HandlerThread:28072 [handler.py:handle_request():146] handle_request: status_report
2024-02-18 19:43:48,667 DEBUG   HandlerThread:28072 [handler.py:handle_request():146] handle_request: status_report
2024-02-18 19:43:53,714 DEBUG   HandlerThread:28072 [handler.py:handle_request():146] handle_request: status_report
2024-02-18 19:43:58,745 DEBUG   HandlerThread:28072 [handler.py:handle_request():146] handle_request: status_report
2024-02-18 19:44:03,778 DEBUG   HandlerThread:28072 [handler.py:handle_request():146] handle_request: status_report
2024-02-18 19:44:08,803 DEBUG   HandlerThread:28072 [handler.py:handle_request():146] handle_request: status_report
2024-02-18 19:44:13,828 DEBUG   HandlerThread:28072 [handler.py:handle_request():146] handle_request: status_report
2024-02-18 19:44:18,864 DEBUG   HandlerThread:28072 [handler.py:handle_request():146] handle_request: status_report
2024-02-18 19:44:23,884 DEBUG   HandlerThread:28072 [handler.py:handle_request():146] handle_request: status_report
2024-02-18 19:44:28,909 DEBUG   HandlerThread:28072 [handler.py:handle_request():146] handle_request: status_report
2024-02-18 19:44:33,929 DEBUG   HandlerThread:28072 [handler.py:handle_request():146] handle_request: status_report
2024-02-18 19:44:38,964 DEBUG   HandlerThread:28072 [handler.py:handle_request():146] handle_request: status_report
2024-02-18 19:44:43,987 DEBUG   HandlerThread:28072 [handler.py:handle_request():146] handle_request: status_report
2024-02-18 19:44:49,010 DEBUG   HandlerThread:28072 [handler.py:handle_request():146] handle_request: status_report
2024-02-18 19:44:54,050 DEBUG   HandlerThread:28072 [handler.py:handle_request():146] handle_request: status_report
2024-02-18 19:44:59,109 DEBUG   HandlerThread:28072 [handler.py:handle_request():146] handle_request: status_report
2024-02-18 19:45:04,133 DEBUG   HandlerThread:28072 [handler.py:handle_request():146] handle_request: status_report
2024-02-18 19:45:09,151 DEBUG   HandlerThread:28072 [handler.py:handle_request():146] handle_request: status_report
2024-02-18 19:45:14,182 DEBUG   HandlerThread:28072 [handler.py:handle_request():146] handle_request: status_report
2024-02-18 19:45:19,229 DEBUG   HandlerThread:28072 [handler.py:handle_request():146] handle_request: status_report
2024-02-18 19:45:24,247 DEBUG   HandlerThread:28072 [handler.py:handle_request():146] handle_request: status_report
2024-02-18 19:45:29,268 DEBUG   HandlerThread:28072 [handler.py:handle_request():146] handle_request: status_report
2024-02-18 19:45:34,299 DEBUG   HandlerThread:28072 [handler.py:handle_request():146] handle_request: status_report
2024-02-18 19:45:39,322 DEBUG   HandlerThread:28072 [handler.py:handle_request():146] handle_request: status_report
2024-02-18 19:45:44,370 DEBUG   HandlerThread:28072 [handler.py:handle_request():146] handle_request: status_report
2024-02-18 19:45:49,408 DEBUG   HandlerThread:28072 [handler.py:handle_request():146] handle_request: status_report
2024-02-18 19:45:54,435 DEBUG   HandlerThread:28072 [handler.py:handle_request():146] handle_request: status_report
2024-02-18 19:45:59,463 DEBUG   HandlerThread:28072 [handler.py:handle_request():146] handle_request: status_report
2024-02-18 19:46:04,491 DEBUG   HandlerThread:28072 [handler.py:handle_request():146] handle_request: status_report
2024-02-18 19:46:09,534 DEBUG   HandlerThread:28072 [handler.py:handle_request():146] handle_request: status_report
2024-02-18 19:46:14,542 DEBUG   HandlerThread:28072 [handler.py:handle_request():146] handle_request: status_report
2024-02-18 19:46:19,566 DEBUG   HandlerThread:28072 [handler.py:handle_request():146] handle_request: status_report
2024-02-18 19:46:24,598 DEBUG   HandlerThread:28072 [handler.py:handle_request():146] handle_request: status_report
2024-02-18 19:46:29,635 DEBUG   HandlerThread:28072 [handler.py:handle_request():146] handle_request: status_report
2024-02-18 19:46:34,664 DEBUG   HandlerThread:28072 [handler.py:handle_request():146] handle_request: status_report
2024-02-18 19:46:39,693 DEBUG   HandlerThread:28072 [handler.py:handle_request():146] handle_request: status_report
2024-02-18 19:46:44,706 DEBUG   HandlerThread:28072 [handler.py:handle_request():146] handle_request: status_report
2024-02-18 19:46:49,713 DEBUG   HandlerThread:28072 [handler.py:handle_request():146] handle_request: status_report
2024-02-18 19:46:54,762 DEBUG   HandlerThread:28072 [handler.py:handle_request():146] handle_request: status_report
2024-02-18 19:46:59,799 DEBUG   HandlerThread:28072 [handler.py:handle_request():146] handle_request: status_report
2024-02-18 19:47:04,813 DEBUG   HandlerThread:28072 [handler.py:handle_request():146] handle_request: status_report
2024-02-18 19:47:09,846 DEBUG   HandlerThread:28072 [handler.py:handle_request():146] handle_request: status_report
2024-02-18 19:47:14,886 DEBUG   HandlerThread:28072 [handler.py:handle_request():146] handle_request: status_report
2024-02-18 19:47:19,923 DEBUG   HandlerThread:28072 [handler.py:handle_request():146] handle_request: status_report
2024-02-18 19:47:24,964 DEBUG   HandlerThread:28072 [handler.py:handle_request():146] handle_request: status_report
2024-02-18 19:47:29,995 DEBUG   HandlerThread:28072 [handler.py:handle_request():146] handle_request: status_report
2024-02-18 19:47:35,031 DEBUG   HandlerThread:28072 [handler.py:handle_request():146] handle_request: status_report
2024-02-18 19:47:40,060 DEBUG   HandlerThread:28072 [handler.py:handle_request():146] handle_request: status_report
2024-02-18 19:47:45,087 DEBUG   HandlerThread:28072 [handler.py:handle_request():146] handle_request: status_report
2024-02-18 19:47:50,130 DEBUG   HandlerThread:28072 [handler.py:handle_request():146] handle_request: status_report
2024-02-18 19:47:55,150 DEBUG   HandlerThread:28072 [handler.py:handle_request():146] handle_request: status_report
2024-02-18 19:48:00,195 DEBUG   HandlerThread:28072 [handler.py:handle_request():146] handle_request: status_report
2024-02-18 19:48:05,226 DEBUG   HandlerThread:28072 [handler.py:handle_request():146] handle_request: status_report
2024-02-18 19:48:10,262 DEBUG   HandlerThread:28072 [handler.py:handle_request():146] handle_request: status_report
2024-02-18 19:48:15,284 DEBUG   HandlerThread:28072 [handler.py:handle_request():146] handle_request: status_report
2024-02-18 19:48:20,303 DEBUG   HandlerThread:28072 [handler.py:handle_request():146] handle_request: status_report
2024-02-18 19:48:25,335 DEBUG   HandlerThread:28072 [handler.py:handle_request():146] handle_request: status_report
2024-02-18 19:48:30,359 DEBUG   HandlerThread:28072 [handler.py:handle_request():146] handle_request: status_report
2024-02-18 19:48:35,405 DEBUG   HandlerThread:28072 [handler.py:handle_request():146] handle_request: status_report
2024-02-18 19:48:40,439 DEBUG   HandlerThread:28072 [handler.py:handle_request():146] handle_request: status_report
2024-02-18 19:48:45,484 DEBUG   HandlerThread:28072 [handler.py:handle_request():146] handle_request: status_report
2024-02-18 19:48:50,531 DEBUG   HandlerThread:28072 [handler.py:handle_request():146] handle_request: status_report
2024-02-18 19:48:55,557 DEBUG   HandlerThread:28072 [handler.py:handle_request():146] handle_request: status_report
2024-02-18 19:49:00,571 DEBUG   HandlerThread:28072 [handler.py:handle_request():146] handle_request: status_report
2024-02-18 19:49:05,610 DEBUG   HandlerThread:28072 [handler.py:handle_request():146] handle_request: status_report
2024-02-18 19:49:10,655 DEBUG   HandlerThread:28072 [handler.py:handle_request():146] handle_request: status_report
2024-02-18 19:49:15,688 DEBUG   HandlerThread:28072 [handler.py:handle_request():146] handle_request: status_report
2024-02-18 19:49:20,700 DEBUG   HandlerThread:28072 [handler.py:handle_request():146] handle_request: status_report
2024-02-18 19:49:25,731 DEBUG   HandlerThread:28072 [handler.py:handle_request():146] handle_request: status_report
2024-02-18 19:49:30,767 DEBUG   HandlerThread:28072 [handler.py:handle_request():146] handle_request: status_report
2024-02-18 19:49:35,805 DEBUG   HandlerThread:28072 [handler.py:handle_request():146] handle_request: status_report
2024-02-18 19:49:40,838 DEBUG   HandlerThread:28072 [handler.py:handle_request():146] handle_request: status_report
2024-02-18 19:49:45,872 DEBUG   HandlerThread:28072 [handler.py:handle_request():146] handle_request: status_report
2024-02-18 19:49:50,892 DEBUG   HandlerThread:28072 [handler.py:handle_request():146] handle_request: status_report
2024-02-18 19:49:55,921 DEBUG   HandlerThread:28072 [handler.py:handle_request():146] handle_request: status_report
2024-02-18 19:50:00,947 DEBUG   HandlerThread:28072 [handler.py:handle_request():146] handle_request: status_report
2024-02-18 19:50:05,975 DEBUG   HandlerThread:28072 [handler.py:handle_request():146] handle_request: status_report
2024-02-18 19:50:11,009 DEBUG   HandlerThread:28072 [handler.py:handle_request():146] handle_request: status_report
2024-02-18 19:50:16,038 DEBUG   HandlerThread:28072 [handler.py:handle_request():146] handle_request: status_report
2024-02-18 19:50:21,060 DEBUG   HandlerThread:28072 [handler.py:handle_request():146] handle_request: status_report
2024-02-18 19:50:26,077 DEBUG   HandlerThread:28072 [handler.py:handle_request():146] handle_request: status_report
2024-02-18 19:50:31,089 DEBUG   HandlerThread:28072 [handler.py:handle_request():146] handle_request: status_report
2024-02-18 19:50:36,145 DEBUG   HandlerThread:28072 [handler.py:handle_request():146] handle_request: status_report
2024-02-18 19:50:41,193 DEBUG   HandlerThread:28072 [handler.py:handle_request():146] handle_request: status_report
2024-02-18 19:50:46,228 DEBUG   HandlerThread:28072 [handler.py:handle_request():146] handle_request: status_report
2024-02-18 19:50:51,275 DEBUG   HandlerThread:28072 [handler.py:handle_request():146] handle_request: status_report
2024-02-18 19:50:56,306 DEBUG   HandlerThread:28072 [handler.py:handle_request():146] handle_request: status_report
2024-02-18 19:51:01,361 DEBUG   HandlerThread:28072 [handler.py:handle_request():146] handle_request: status_report
2024-02-18 19:51:06,406 DEBUG   HandlerThread:28072 [handler.py:handle_request():146] handle_request: status_report
2024-02-18 19:51:11,455 DEBUG   HandlerThread:28072 [handler.py:handle_request():146] handle_request: status_report
2024-02-18 19:51:16,510 DEBUG   HandlerThread:28072 [handler.py:handle_request():146] handle_request: status_report
2024-02-18 19:51:21,532 DEBUG   HandlerThread:28072 [handler.py:handle_request():146] handle_request: status_report
2024-02-18 19:51:26,564 DEBUG   HandlerThread:28072 [handler.py:handle_request():146] handle_request: status_report
2024-02-18 19:51:31,618 DEBUG   HandlerThread:28072 [handler.py:handle_request():146] handle_request: status_report
2024-02-18 19:51:36,673 DEBUG   HandlerThread:28072 [handler.py:handle_request():146] handle_request: status_report
2024-02-18 19:51:41,703 DEBUG   HandlerThread:28072 [handler.py:handle_request():146] handle_request: status_report
2024-02-18 19:51:46,732 DEBUG   HandlerThread:28072 [handler.py:handle_request():146] handle_request: status_report
2024-02-18 19:51:51,765 DEBUG   HandlerThread:28072 [handler.py:handle_request():146] handle_request: status_report
2024-02-18 19:51:56,778 DEBUG   HandlerThread:28072 [handler.py:handle_request():146] handle_request: status_report
2024-02-18 19:52:01,825 DEBUG   HandlerThread:28072 [handler.py:handle_request():146] handle_request: status_report
2024-02-18 19:52:06,851 DEBUG   HandlerThread:28072 [handler.py:handle_request():146] handle_request: status_report
2024-02-18 19:52:11,885 DEBUG   HandlerThread:28072 [handler.py:handle_request():146] handle_request: status_report
2024-02-18 19:52:16,913 DEBUG   HandlerThread:28072 [handler.py:handle_request():146] handle_request: status_report
2024-02-18 19:52:21,940 DEBUG   HandlerThread:28072 [handler.py:handle_request():146] handle_request: status_report
2024-02-18 19:52:26,960 DEBUG   HandlerThread:28072 [handler.py:handle_request():146] handle_request: status_report
2024-02-18 19:52:31,968 DEBUG   HandlerThread:28072 [handler.py:handle_request():146] handle_request: status_report
2024-02-18 19:52:36,995 DEBUG   HandlerThread:28072 [handler.py:handle_request():146] handle_request: status_report
2024-02-18 19:52:42,016 DEBUG   HandlerThread:28072 [handler.py:handle_request():146] handle_request: status_report
2024-02-18 19:52:47,044 DEBUG   HandlerThread:28072 [handler.py:handle_request():146] handle_request: status_report
2024-02-18 19:52:52,073 DEBUG   HandlerThread:28072 [handler.py:handle_request():146] handle_request: status_report
2024-02-18 19:52:57,114 DEBUG   HandlerThread:28072 [handler.py:handle_request():146] handle_request: status_report
2024-02-18 19:53:02,153 DEBUG   HandlerThread:28072 [handler.py:handle_request():146] handle_request: status_report
2024-02-18 19:53:07,185 DEBUG   HandlerThread:28072 [handler.py:handle_request():146] handle_request: status_report
2024-02-18 19:53:12,213 DEBUG   HandlerThread:28072 [handler.py:handle_request():146] handle_request: status_report
2024-02-18 19:53:17,245 DEBUG   HandlerThread:28072 [handler.py:handle_request():146] handle_request: status_report
2024-02-18 19:53:22,266 DEBUG   HandlerThread:28072 [handler.py:handle_request():146] handle_request: status_report
2024-02-18 19:53:27,301 DEBUG   HandlerThread:28072 [handler.py:handle_request():146] handle_request: status_report
2024-02-18 19:53:32,335 DEBUG   HandlerThread:28072 [handler.py:handle_request():146] handle_request: status_report
2024-02-18 19:53:37,381 DEBUG   HandlerThread:28072 [handler.py:handle_request():146] handle_request: status_report
2024-02-18 19:53:42,419 DEBUG   HandlerThread:28072 [handler.py:handle_request():146] handle_request: status_report
2024-02-18 19:53:47,463 DEBUG   HandlerThread:28072 [handler.py:handle_request():146] handle_request: status_report
2024-02-18 19:53:52,495 DEBUG   HandlerThread:28072 [handler.py:handle_request():146] handle_request: status_report
2024-02-18 19:53:57,533 DEBUG   HandlerThread:28072 [handler.py:handle_request():146] handle_request: status_report
2024-02-18 19:54:02,571 DEBUG   HandlerThread:28072 [handler.py:handle_request():146] handle_request: status_report
2024-02-18 19:54:07,620 DEBUG   HandlerThread:28072 [handler.py:handle_request():146] handle_request: status_report
2024-02-18 19:54:12,639 DEBUG   HandlerThread:28072 [handler.py:handle_request():146] handle_request: status_report
2024-02-18 19:54:17,657 DEBUG   HandlerThread:28072 [handler.py:handle_request():146] handle_request: status_report
2024-02-18 19:54:22,702 DEBUG   HandlerThread:28072 [handler.py:handle_request():146] handle_request: status_report
2024-02-18 19:54:27,714 DEBUG   HandlerThread:28072 [handler.py:handle_request():146] handle_request: status_report
2024-02-18 19:54:32,732 DEBUG   HandlerThread:28072 [handler.py:handle_request():146] handle_request: status_report
2024-02-18 19:54:37,755 DEBUG   HandlerThread:28072 [handler.py:handle_request():146] handle_request: status_report
2024-02-18 19:54:42,793 DEBUG   HandlerThread:28072 [handler.py:handle_request():146] handle_request: status_report
2024-02-18 19:54:47,830 DEBUG   HandlerThread:28072 [handler.py:handle_request():146] handle_request: status_report
2024-02-18 19:54:52,865 DEBUG   HandlerThread:28072 [handler.py:handle_request():146] handle_request: status_report
2024-02-18 19:54:57,873 DEBUG   HandlerThread:28072 [handler.py:handle_request():146] handle_request: status_report
2024-02-18 19:55:02,922 DEBUG   HandlerThread:28072 [handler.py:handle_request():146] handle_request: status_report
2024-02-18 19:55:07,961 DEBUG   HandlerThread:28072 [handler.py:handle_request():146] handle_request: status_report
2024-02-18 19:55:13,006 DEBUG   HandlerThread:28072 [handler.py:handle_request():146] handle_request: status_report
2024-02-18 19:55:18,016 DEBUG   HandlerThread:28072 [handler.py:handle_request():146] handle_request: status_report
2024-02-18 19:55:23,036 DEBUG   HandlerThread:28072 [handler.py:handle_request():146] handle_request: status_report
2024-02-18 19:55:28,044 DEBUG   HandlerThread:28072 [handler.py:handle_request():146] handle_request: status_report
2024-02-18 19:55:33,064 DEBUG   HandlerThread:28072 [handler.py:handle_request():146] handle_request: status_report
2024-02-18 19:55:38,110 DEBUG   HandlerThread:28072 [handler.py:handle_request():146] handle_request: status_report
2024-02-18 19:55:43,125 DEBUG   HandlerThread:28072 [handler.py:handle_request():146] handle_request: status_report
2024-02-18 19:55:48,172 DEBUG   HandlerThread:28072 [handler.py:handle_request():146] handle_request: status_report
2024-02-18 19:55:53,197 DEBUG   HandlerThread:28072 [handler.py:handle_request():146] handle_request: status_report
2024-02-18 19:55:58,226 DEBUG   HandlerThread:28072 [handler.py:handle_request():146] handle_request: status_report
2024-02-18 19:56:03,296 DEBUG   HandlerThread:28072 [handler.py:handle_request():146] handle_request: status_report
2024-02-18 19:56:08,332 DEBUG   HandlerThread:28072 [handler.py:handle_request():146] handle_request: status_report
2024-02-18 19:56:13,377 DEBUG   HandlerThread:28072 [handler.py:handle_request():146] handle_request: status_report
2024-02-18 19:56:18,391 DEBUG   HandlerThread:28072 [handler.py:handle_request():146] handle_request: status_report
2024-02-18 19:56:23,419 DEBUG   HandlerThread:28072 [handler.py:handle_request():146] handle_request: status_report
2024-02-18 19:56:28,433 DEBUG   HandlerThread:28072 [handler.py:handle_request():146] handle_request: status_report
2024-02-18 19:56:33,464 DEBUG   HandlerThread:28072 [handler.py:handle_request():146] handle_request: status_report
2024-02-18 19:56:38,481 DEBUG   HandlerThread:28072 [handler.py:handle_request():146] handle_request: status_report
2024-02-18 19:56:43,508 DEBUG   HandlerThread:28072 [handler.py:handle_request():146] handle_request: status_report
2024-02-18 19:56:48,544 DEBUG   HandlerThread:28072 [handler.py:handle_request():146] handle_request: status_report
2024-02-18 19:56:53,555 DEBUG   HandlerThread:28072 [handler.py:handle_request():146] handle_request: status_report
2024-02-18 19:56:58,595 DEBUG   HandlerThread:28072 [handler.py:handle_request():146] handle_request: status_report
2024-02-18 19:57:03,621 DEBUG   HandlerThread:28072 [handler.py:handle_request():146] handle_request: status_report
2024-02-18 19:57:08,645 DEBUG   HandlerThread:28072 [handler.py:handle_request():146] handle_request: status_report
2024-02-18 19:57:13,690 DEBUG   HandlerThread:28072 [handler.py:handle_request():146] handle_request: status_report
2024-02-18 19:57:18,717 DEBUG   HandlerThread:28072 [handler.py:handle_request():146] handle_request: status_report
2024-02-18 19:57:23,747 DEBUG   HandlerThread:28072 [handler.py:handle_request():146] handle_request: status_report
2024-02-18 19:57:28,779 DEBUG   HandlerThread:28072 [handler.py:handle_request():146] handle_request: status_report
2024-02-18 19:57:33,838 DEBUG   HandlerThread:28072 [handler.py:handle_request():146] handle_request: status_report
2024-02-18 19:57:38,860 DEBUG   HandlerThread:28072 [handler.py:handle_request():146] handle_request: status_report
2024-02-18 19:57:43,893 DEBUG   HandlerThread:28072 [handler.py:handle_request():146] handle_request: status_report
2024-02-18 19:57:48,940 DEBUG   HandlerThread:28072 [handler.py:handle_request():146] handle_request: status_report
2024-02-18 19:57:50,784 DEBUG   HandlerThread:28072 [handler.py:handle_request():146] handle_request: shutdown
2024-02-18 19:57:50,784 INFO    HandlerThread:28072 [handler.py:finish():869] shutting down handler
2024-02-18 19:57:50,960 INFO    WriterThread:28072 [datastore.py:close():296] close: c:\Users\KHADGA JYOTH ALLI\Desktop\programming\Class Work\IITJ\DL\A2_Transformer\wandb\run-20240218_192846-1dam58qr\run-1dam58qr.wandb
2024-02-18 19:57:50,960 INFO    SenderThread:28072 [sender.py:finish():1572] shutting down sender
2024-02-18 19:57:50,960 INFO    SenderThread:28072 [dir_watcher.py:finish():358] shutting down directory watcher
2024-02-18 19:57:51,965 INFO    SenderThread:28072 [dir_watcher.py:finish():388] scan: c:\Users\KHADGA JYOTH ALLI\Desktop\programming\Class Work\IITJ\DL\A2_Transformer\wandb\run-20240218_192846-1dam58qr\files
2024-02-18 19:57:51,965 INFO    SenderThread:28072 [dir_watcher.py:finish():402] scan save: c:\Users\KHADGA JYOTH ALLI\Desktop\programming\Class Work\IITJ\DL\A2_Transformer\wandb\run-20240218_192846-1dam58qr\files\config.yaml config.yaml
2024-02-18 19:57:51,966 INFO    SenderThread:28072 [file_pusher.py:finish():172] shutting down file pusher
2024-02-18 19:57:51,966 INFO    SenderThread:28072 [file_pusher.py:join():178] waiting for file pusher
2024-02-18 19:57:53,261 INFO    wandb-upload_0:28072 [upload_job.py:push():131] Uploaded file c:\Users\KHADGA JYOTH ALLI\Desktop\programming\Class Work\IITJ\DL\A2_Transformer\wandb\run-20240218_192846-1dam58qr\files\config.yaml
2024-02-18 19:57:53,488 INFO    SenderThread:28072 [file_stream.py:finish():595] file stream finish called
2024-02-18 19:57:53,822 INFO    SenderThread:28072 [file_stream.py:finish():599] file stream finish is done
